dh_quilt_patch
dh_autoreconf
override_dh_auto_configure dh_auto_configure
dh_auto_configure
dh_auto_build
override_dh_auto_test dh_auto_test
dh_auto_test
dh_prep
dh_installdirs
dh_auto_install
override_dh_install dh_install
dh_install
dh_installdocs
dh_installchangelogs
dh_installexamples
dh_installman
dh_python2
dh_systemd_enable
override_dh_installinit dh_installinit
dh_installinit
dh_systemd_start
dh_installlogrotate
dh_lintian
dh_perl
dh_link
dh_compress
dh_fixperms
dh_strip
dh_makeshlibs
dh_shlibdeps
dh_installdeb
dh_gencontrol
dh_md5sums
dh_builddeb
dh_builddeb
dh_builddeb
dh_builddeb
dh_builddeb
dh_builddeb
dh_builddeb
dh_builddeb
dh_builddeb
dh_builddeb
dh_builddeb
dh_builddeb
dh_builddeb
dh_builddeb
dh_builddeb
dh_builddeb
dh_builddeb
dh_builddeb
dh_builddeb
dh_builddeb
dh_builddeb
dh_builddeb
dh_builddeb
dh_builddeb
